Copyright 1986-2022 Xilinx, Inc. All Rights Reserved. Copyright 2022-2025 Advanced Micro Devices, Inc. All Rights Reserved.
---------------------------------------------------------------------------------------------------------------------------------------------
| Tool Version : Vivado v.2025.2 (lin64) Build 6299465 Fri Nov 14 12:34:56 MST 2025
| Date         : Fri Mar 20 08:18:29 2026
| Host         : bren-ubuntu24-04 running 64-bit Ubuntu 24.04.4 LTS
| Command      : report_timing_summary -file timing_plic_top.rpt
| Design       : plic_top
| Device       : 7a35t-cpg236
| Speed File   : -1  PRODUCTION 1.23 2018-06-13
| Design State : Synthesized
---------------------------------------------------------------------------------------------------------------------------------------------

Timing Summary Report

------------------------------------------------------------------------------------------------
| Timer Settings
| --------------
------------------------------------------------------------------------------------------------

  Enable Multi Corner Analysis               :  Yes
  Enable Pessimism Removal                   :  Yes
  Pessimism Removal Resolution               :  Nearest Common Node
  Enable Input Delay Default Clock           :  No
  Enable Preset / Clear Arcs                 :  No
  Disable Flight Delays                      :  No
  Ignore I/O Paths                           :  No
  Timing Early Launch at Borrowing Latches   :  No
  Borrow Time for Max Delay Exceptions       :  Yes
  Merge Timing Exceptions                    :  Yes
  Inter-SLR Compensation                     :  Conservative

  Corner  Analyze    Analyze    
  Name    Max Paths  Min Paths  
  ------  ---------  ---------  
  Slow    Yes        Yes        
  Fast    Yes        Yes        


------------------------------------------------------------------------------------------------
| Report Methodology
| ------------------
------------------------------------------------------------------------------------------------

No report available as report_methodology has not been run prior. Run report_methodology on the current design for the summary of methodology violations.



check_timing report

Table of Contents
-----------------
1. checking no_clock (0)
2. checking constant_clock (0)
3. checking pulse_width_clock (0)
4. checking unconstrained_internal_endpoints (0)
5. checking no_input_delay (93)
6. checking no_output_delay (34)
7. checking multiple_clock (0)
8. checking generated_clocks (0)
9. checking loops (0)
10. checking partial_input_delay (0)
11. checking partial_output_delay (0)
12. checking latch_loops (0)

1. checking no_clock (0)
------------------------
 There are 0 register/latch pins with no clock.


2. checking constant_clock (0)
------------------------------
 There are 0 register/latch pins with constant_clock.


3. checking pulse_width_clock (0)
---------------------------------
 There are 0 register/latch pins which need pulse_width check


4. checking unconstrained_internal_endpoints (0)
------------------------------------------------
 There are 0 pins that are not constrained for maximum delay.

 There are 0 pins that are not constrained for maximum delay due to constant clock.


5. checking no_input_delay (93)
-------------------------------
 There are 93 input ports with no input delay specified. (HIGH)

 There are 0 input ports with no input delay but user has a false path constraint.


6. checking no_output_delay (34)
--------------------------------
 There are 34 ports with no output delay specified. (HIGH)

 There are 0 ports with no output delay but user has a false path constraint

 There are 0 ports with no output delay but with a timing clock defined on it or propagating through it


7. checking multiple_clock (0)
------------------------------
 There are 0 register/latch pins with multiple clocks.


8. checking generated_clocks (0)
--------------------------------
 There are 0 generated clocks that are not connected to a clock source.


9. checking loops (0)
---------------------
 There are 0 combinational loops in the design.


10. checking partial_input_delay (0)
------------------------------------
 There are 0 input ports with partial input delay specified.


11. checking partial_output_delay (0)
-------------------------------------
 There are 0 ports with partial output delay specified.


12. checking latch_loops (0)
----------------------------
 There are 0 combinational latch loops in the design through latch input



------------------------------------------------------------------------------------------------
| Design Timing Summary
| ---------------------
------------------------------------------------------------------------------------------------

    WNS(ns)      TNS(ns)  TNS Failing Endpoints  TNS Total Endpoints      WHS(ns)      THS(ns)  THS Failing Endpoints  THS Total Endpoints     WPWS(ns)     TPWS(ns)  TPWS Failing Endpoints  TPWS Total Endpoints  
    -------      -------  ---------------------  -------------------      -------      -------  ---------------------  -------------------     --------     --------  ----------------------  --------------------  
     -2.530     -101.288                     72                  226        0.167        0.000                      0                  226        4.500        0.000                       0                   289  


Timing constraints are not met.


------------------------------------------------------------------------------------------------
| Clock Summary
| -------------
------------------------------------------------------------------------------------------------

Clock  Waveform(ns)       Period(ns)      Frequency(MHz)
-----  ------------       ----------      --------------
clk    {0.000 5.000}      10.000          100.000         


------------------------------------------------------------------------------------------------
| Intra Clock Table
| -----------------
------------------------------------------------------------------------------------------------

Clock             WNS(ns)      TNS(ns)  TNS Failing Endpoints  TNS Total Endpoints      WHS(ns)      THS(ns)  THS Failing Endpoints  THS Total Endpoints     WPWS(ns)     TPWS(ns)  TPWS Failing Endpoints  TPWS Total Endpoints  
-----             -------      -------  ---------------------  -------------------      -------      -------  ---------------------  -------------------     --------     --------  ----------------------  --------------------  
clk                -2.530     -101.288                     72                  226        0.167        0.000                      0                  226        4.500        0.000                       0                   289  


------------------------------------------------------------------------------------------------
| Inter Clock Table
| -----------------
------------------------------------------------------------------------------------------------

From Clock    To Clock          WNS(ns)      TNS(ns)  TNS Failing Endpoints  TNS Total Endpoints      WHS(ns)      THS(ns)  THS Failing Endpoints  THS Total Endpoints  
----------    --------          -------      -------  ---------------------  -------------------      -------      -------  ---------------------  -------------------  


------------------------------------------------------------------------------------------------
| Other Path Groups Table
| -----------------------
------------------------------------------------------------------------------------------------

Path Group    From Clock    To Clock          WNS(ns)      TNS(ns)  TNS Failing Endpoints  TNS Total Endpoints      WHS(ns)      THS(ns)  THS Failing Endpoints  THS Total Endpoints  
----------    ----------    --------          -------      -------  ---------------------  -------------------      -------      -------  ---------------------  -------------------  


------------------------------------------------------------------------------------------------
| Timing Details
| --------------
------------------------------------------------------------------------------------------------


---------------------------------------------------------------------------------------------------
From Clock:  clk
  To Clock:  clk

Setup :           72  Failing Endpoints,  Worst Slack       -2.530ns,  Total Violation     -101.288ns
Hold  :            0  Failing Endpoints,  Worst Slack        0.167ns,  Total Violation        0.000ns
PW    :            0  Failing Endpoints,  Worst Slack        4.500ns,  Total Violation        0.000ns
---------------------------------------------------------------------------------------------------


Max Delay Paths
--------------------------------------------------------------------------------------
Slack (VIOLATED) :        -2.530ns  (required time - arrival time)
  Source:                 u_reg_file/target_threshold_reg[1][0]/C
                            (rising edge-triggered cell FDRE clocked by clk  {rise@0.000ns fall@5.000ns period=10.000ns})
  Destination:            gen_target[1].u_resolver/s1_grp_id_r_reg[3][0]/R
                            (rising edge-triggered cell FDRE clocked by clk  {rise@0.000ns fall@5.000ns period=10.000ns})
  Path Group:             clk
  Path Type:              Setup (Max at Slow Process Corner)
  Requirement:            10.000ns  (clk rise@10.000ns - clk rise@0.000ns)
  Data Path Delay:        11.917ns  (logic 2.231ns (18.721%)  route 9.686ns (81.279%))
  Logic Levels:           13  (LUT3=1 LUT4=1 LUT6=11)
  Clock Path Skew:        -0.145ns (DCD - SCD + CPR)
    Destination Clock Delay (DCD):    2.079ns = ( 12.079 - 10.000 ) 
    Source Clock Delay      (SCD):    2.402ns
    Clock Pessimism Removal (CPR):    0.178ns
  Clock Uncertainty:      0.035ns  ((TSJ^2 + TIJ^2)^1/2 + DJ) / 2 + PE
    Total System Jitter     (TSJ):    0.071ns
    Total Input Jitter      (TIJ):    0.000ns
    Discrete Jitter          (DJ):    0.000ns
    Phase Error              (PE):    0.000ns

    Location             Delay type                Incr(ns)  Path(ns)    Netlist Resource(s)
  -------------------------------------------------------------------    -------------------
                         (clock clk rise edge)        0.000     0.000 r  
                                                      0.000     0.000 r  clk (IN)
                         net (fo=0)                   0.000     0.000    clk
                         IBUF (Prop_ibuf_I_O)         0.923     0.923 r  clk_IBUF_inst/O
                         net (fo=1, unplaced)         0.800     1.722    clk_IBUF
                         BUFG (Prop_bufg_I_O)         0.096     1.818 r  clk_IBUF_BUFG_inst/O
                         net (fo=288, unplaced)       0.584     2.402    u_reg_file/clk_IBUF_BUFG
                         FDRE                                         r  u_reg_file/target_threshold_reg[1][0]/C
  -------------------------------------------------------------------    -------------------
                         FDRE (Prop_fdre_C_Q)         0.456     2.858 r  u_reg_file/target_threshold_reg[1][0]/Q
                         net (fo=33, unplaced)        1.037     3.895    u_reg_file/Q[0]
                         LUT6 (Prop_lut6_I0_O)        0.295     4.190 r  u_reg_file/s1_grp_id_r[3][4]_i_22__0/O
                         net (fo=3, unplaced)         0.467     4.657    u_reg_file/s1_grp_id_r[3][4]_i_22__0_n_0
                         LUT6 (Prop_lut6_I4_O)        0.124     4.781 r  u_reg_file/s1_grp_id_r[3][4]_i_29__0/O
                         net (fo=3, unplaced)         0.920     5.701    u_reg_file/s1_grp_id_r[3][4]_i_29__0_n_0
                         LUT6 (Prop_lut6_I2_O)        0.124     5.825 r  u_reg_file/s1_grp_id_r[3][4]_i_18/O
                         net (fo=1, unplaced)         0.902     6.727    u_reg_file/s1_grp_id_r[3][4]_i_18_n_0
                         LUT6 (Prop_lut6_I1_O)        0.124     6.851 r  u_reg_file/s1_grp_id_r[3][4]_i_7__0/O
                         net (fo=10, unplaced)        0.492     7.343    u_reg_file/s1_grp_id_r[3][4]_i_7__0_n_0
                         LUT4 (Prop_lut4_I2_O)        0.124     7.467 r  u_reg_file/s1_grp_id_r[3][4]_i_33/O
                         net (fo=1, unplaced)         0.902     8.369    u_reg_file/s1_grp_id_r[3][4]_i_33_n_0
                         LUT6 (Prop_lut6_I1_O)        0.124     8.493 f  u_reg_file/s1_grp_id_r[3][4]_i_26__0/O
                         net (fo=3, unplaced)         0.920     9.413    u_reg_file/s1_grp_id_r[3][4]_i_26__0_n_0
                         LUT6 (Prop_lut6_I2_O)        0.124     9.537 r  u_reg_file/s1_grp_id_r[3][4]_i_25__0/O
                         net (fo=3, unplaced)         0.467    10.004    u_reg_file/s1_grp_id_r[3][4]_i_25__0_n_0
                         LUT6 (Prop_lut6_I3_O)        0.124    10.128 r  u_reg_file/s1_grp_id_r[3][4]_i_12__0/O
                         net (fo=1, unplaced)         0.902    11.030    u_reg_file/s1_grp_id_r[3][4]_i_12__0_n_0
                         LUT6 (Prop_lut6_I1_O)        0.124    11.154 r  u_reg_file/s1_grp_id_r[3][4]_i_5__0/O
                         net (fo=7, unplaced)         0.484    11.638    u_reg_file/s1_grp_id_r[3][4]_i_5__0_n_0
                         LUT3 (Prop_lut3_I1_O)        0.116    11.754 f  u_reg_file/s1_grp_prio_r[3][1]_i_3__0/O
                         net (fo=2, unplaced)         0.460    12.214    u_reg_file/s1_grp_prio_r[3][1]_i_3__0_n_0
                         LUT6 (Prop_lut6_I2_O)        0.124    12.338 r  u_reg_file/s1_grp_id_r[3][4]_i_6/O
                         net (fo=7, unplaced)         0.484    12.822    u_reg_file/s1_grp_id_r[3][4]_i_6_n_0
                         LUT6 (Prop_lut6_I3_O)        0.124    12.946 r  u_reg_file/s1_grp_id_r[3][4]_i_4__0/O
                         net (fo=1, unplaced)         0.449    13.395    u_reg_file/s1_grp_id_r[3][4]_i_4__0_n_0
                         LUT6 (Prop_lut6_I4_O)        0.124    13.519 r  u_reg_file/s1_grp_id_r[3][4]_i_1__0/O
                         net (fo=4, unplaced)         0.800    14.319    gen_target[1].u_resolver/s1_grp_id_r_reg[3][0]_0[0]
                         FDRE                                         r  gen_target[1].u_resolver/s1_grp_id_r_reg[3][0]/R
  -------------------------------------------------------------------    -------------------

                         (clock clk rise edge)       10.000    10.000 r  
                                                      0.000    10.000 r  clk (IN)
                         net (fo=0)                   0.000    10.000    clk
                         IBUF (Prop_ibuf_I_O)         0.789    10.789 r  clk_IBUF_inst/O
                         net (fo=1, unplaced)         0.760    11.549    clk_IBUF
                         BUFG (Prop_bufg_I_O)         0.091    11.640 r  clk_IBUF_BUFG_inst/O
                         net (fo=288, unplaced)       0.439    12.079    gen_target[1].u_resolver/clk_IBUF_BUFG
                         FDRE                                         r  gen_target[1].u_resolver/s1_grp_id_r_reg[3][0]/C
                         clock pessimism              0.178    12.257    
                         clock uncertainty           -0.035    12.222    
                         FDRE (Setup_fdre_C_R)       -0.433    11.789    gen_target[1].u_resolver/s1_grp_id_r_reg[3][0]
  -------------------------------------------------------------------
                         required time                         11.789    
                         arrival time                         -14.319    
  -------------------------------------------------------------------
                         slack                                 -2.530    





Min Delay Paths
--------------------------------------------------------------------------------------
Slack (MET) :             0.167ns  (arrival time - required time)
  Source:                 gen_target[0].u_resolver/max_id_reg[3]/C
                            (rising edge-triggered cell FDRE clocked by clk  {rise@0.000ns fall@5.000ns period=10.000ns})
  Destination:            gen_target[0].u_target/in_service_id_reg[3]/D
                            (rising edge-triggered cell FDRE clocked by clk  {rise@0.000ns fall@5.000ns period=10.000ns})
  Path Group:             clk
  Path Type:              Hold (Min at Fast Process Corner)
  Requirement:            0.000ns  (clk rise@0.000ns - clk rise@0.000ns)
  Data Path Delay:        0.295ns  (logic 0.141ns (47.752%)  route 0.154ns (52.248%))
  Logic Levels:           0  
  Clock Path Skew:        0.145ns (DCD - SCD - CPR)
    Destination Clock Delay (DCD):    0.983ns
    Source Clock Delay      (SCD):    0.629ns
    Clock Pessimism Removal (CPR):    0.209ns

    Location             Delay type                Incr(ns)  Path(ns)    Netlist Resource(s)
  -------------------------------------------------------------------    -------------------
                         (clock clk rise edge)        0.000     0.000 r  
                                                      0.000     0.000 r  clk (IN)
                         net (fo=0)                   0.000     0.000    clk
                         IBUF (Prop_ibuf_I_O)         0.152     0.152 r  clk_IBUF_inst/O
                         net (fo=1, unplaced)         0.337     0.489    clk_IBUF
                         BUFG (Prop_bufg_I_O)         0.026     0.515 r  clk_IBUF_BUFG_inst/O
                         net (fo=288, unplaced)       0.114     0.629    gen_target[0].u_resolver/clk_IBUF_BUFG
                         FDRE                                         r  gen_target[0].u_resolver/max_id_reg[3]/C
  -------------------------------------------------------------------    -------------------
                         FDRE (Prop_fdre_C_Q)         0.141     0.770 r  gen_target[0].u_resolver/max_id_reg[3]/Q
                         net (fo=6, unplaced)         0.154     0.924    gen_target[0].u_target/Q[3]
                         FDRE                                         r  gen_target[0].u_target/in_service_id_reg[3]/D
  -------------------------------------------------------------------    -------------------

                         (clock clk rise edge)        0.000     0.000 r  
                                                      0.000     0.000 r  clk (IN)
                         net (fo=0)                   0.000     0.000    clk
                         IBUF (Prop_ibuf_I_O)         0.340     0.340 r  clk_IBUF_inst/O
                         net (fo=1, unplaced)         0.355     0.695    clk_IBUF
                         BUFG (Prop_bufg_I_O)         0.029     0.724 r  clk_IBUF_BUFG_inst/O
                         net (fo=288, unplaced)       0.259     0.983    gen_target[0].u_target/clk_IBUF_BUFG
                         FDRE                                         r  gen_target[0].u_target/in_service_id_reg[3]/C
                         clock pessimism             -0.209     0.774    
                         FDRE (Hold_fdre_C_D)        -0.017     0.757    gen_target[0].u_target/in_service_id_reg[3]
  -------------------------------------------------------------------
                         required time                         -0.757    
                         arrival time                           0.924    
  -------------------------------------------------------------------
                         slack                                  0.167    





Pulse Width Checks
--------------------------------------------------------------------------------------
Clock Name:         clk
Waveform(ns):       { 0.000 5.000 }
Period(ns):         10.000
Sources:            { clk }

Check Type        Corner  Lib Pin  Reference Pin  Required(ns)  Actual(ns)  Slack(ns)  Location  Pin
Min Period        n/a     BUFG/I   n/a            2.155         10.000      7.845                clk_IBUF_BUFG_inst/I
Low Pulse Width   Slow    FDSE/C   n/a            0.500         5.000       4.500                gen_gateway[10].u_gateway/gen_level.gateway_open_reg/C
High Pulse Width  Slow    FDSE/C   n/a            0.500         5.000       4.500                gen_gateway[10].u_gateway/gen_level.gateway_open_reg/C



